# JRE version: OpenJDK Runtime Environment 18.9 (11.0.11+9) (build 11.0.11+9)
# Java VM: OpenJDK 64-Bit Server VM 18.9 (11.0.11+9, mixed mode, tiered, compressed oops, g1 gc, windows-amd64)
Heap:
 garbage-first heap   total 307200K, used 149647K [0x0000000740000000, 0x0000000800000000)
  region size 1024K, 38 young (38912K), 5 survivors (5120K)
 Metaspace       used 105580K, capacity 108430K, committed 108588K, reserved 1142784K
  class space    used 13900K, capacity 15160K, committed 15232K, reserved 1048576K
GC Heap History (20 events):
Event: 596.718 GC heap before
{Heap before GC invocations=49 (full 5):
 garbage-first heap   total 307200K, used 173251K [0x0000000740000000, 0x0000000800000000)
  region size 1024K, 60 young (61440K), 2 survivors (2048K)
 Metaspace       used 104953K, capacity 107841K, committed 108076K, reserved 1142784K
  class space    used 13847K, capacity 15127K, committed 15232K, reserved 1048576K
}
Event: 596.720 GC heap after
{Heap after GC invocations=50 (full 5):
 garbage-first heap   total 307200K, used 114159K [0x0000000740000000, 0x0000000800000000)
  region size 1024K, 2 young (2048K), 2 survivors (2048K)
 Metaspace       used 104953K, capacity 107841K, committed 108076K, reserved 1142784K
  class space    used 13847K, capacity 15127K, committed 15232K, reserved 1048576K
}
Event: 615.547 GC heap before
{Heap before GC invocations=50 (full 5):
 garbage-first heap   total 307200K, used 173551K [0x0000000740000000, 0x0000000800000000)
  region size 1024K, 61 young (62464K), 2 survivors (2048K)
 Metaspace       used 104962K, capacity 107841K, committed 108076K, reserved 1142784K
  class space    used 13847K, capacity 15127K, committed 15232K, reserved 1048576K
}
Event: 615.550 GC heap after
{Heap after GC invocations=51 (full 5):
 garbage-first heap   total 307200K, used 113433K [0x0000000740000000, 0x0000000800000000)
  region size 1024K, 2 young (2048K), 2 survivors (2048K)
 Metaspace       used 104962K, capacity 107841K, committed 108076K, reserved 1142784K
  class space    used 13847K, capacity 15127K, committed 15232K, reserved 1048576K
}
Event: 644.371 GC heap before
{Heap before GC invocations=51 (full 5):
 garbage-first heap   total 307200K, used 172825K [0x0000000740000000, 0x0000000800000000)
  region size 1024K, 60 young (61440K), 2 survivors (2048K)
 Metaspace       used 104968K, capacity 107841K, committed 108076K, reserved 1142784K
  class space    used 13847K, capacity 15127K, committed 15232K, reserved 1048576K
}
Event: 644.374 GC heap after
{Heap after GC invocations=52 (full 5):
 garbage-first heap   total 307200K, used 113526K [0x0000000740000000, 0x0000000800000000)
  region size 1024K, 2 young (2048K), 2 survivors (2048K)
 Metaspace       used 104968K, capacity 107841K, committed 108076K, reserved 1142784K
  class space    used 13847K, capacity 15127K, committed 15232K, reserved 1048576K
}
Event: 711.080 GC heap before
{Heap before GC invocations=52 (full 5):
 garbage-first heap   total 307200K, used 172918K [0x0000000740000000, 0x0000000800000000)
  region size 1024K, 60 young (61440K), 2 survivors (2048K)
 Metaspace       used 105109K, capacity 107969K, committed 108076K, reserved 1142784K
  class space    used 13864K, capacity 15127K, committed 15232K, reserved 1048576K
}
Event: 711.083 GC heap after
{Heap after GC invocations=53 (full 5):
 garbage-first heap   total 307200K, used 113555K [0x0000000740000000, 0x0000000800000000)
  region size 1024K, 2 young (2048K), 2 survivors (2048K)
 Metaspace       used 105109K, capacity 107969K, committed 108076K, reserved 1142784K
  class space    used 13864K, capacity 15127K, committed 15232K, reserved 1048576K
}
Event: 729.856 GC heap before
{Heap before GC invocations=53 (full 5):
 garbage-first heap   total 307200K, used 172947K [0x0000000740000000, 0x0000000800000000)
  region size 1024K, 60 young (61440K), 2 survivors (2048K)
 Metaspace       used 105210K, capacity 108069K, committed 108332K, reserved 1142784K
  class space    used 13870K, capacity 15127K, committed 15232K, reserved 1048576K
}
Event: 729.858 GC heap after
{Heap after GC invocations=54 (full 5):
 garbage-first heap   total 307200K, used 114535K [0x0000000740000000, 0x0000000800000000)
  region size 1024K, 3 young (3072K), 3 survivors (3072K)
 Metaspace       used 105210K, capacity 108069K, committed 108332K, reserved 1142784K
  class space    used 13870K, capacity 15127K, committed 15232K, reserved 1048576K
}
Event: 753.269 GC heap before
{Heap before GC invocations=54 (full 5):
 garbage-first heap   total 307200K, used 172903K [0x0000000740000000, 0x0000000800000000)
  region size 1024K, 60 young (61440K), 3 survivors (3072K)
 Metaspace       used 105437K, capacity 108362K, committed 108588K, reserved 1142784K
  class space    used 13900K, capacity 15160K, committed 15232K, reserved 1048576K
}
Event: 753.273 GC heap after
{Heap after GC invocations=55 (full 5):
 garbage-first heap   total 307200K, used 116547K [0x0000000740000000, 0x0000000800000000)
  region size 1024K, 5 young (5120K), 5 survivors (5120K)
 Metaspace       used 105437K, capacity 108362K, committed 108588K, reserved 1142784K
  class space    used 13900K, capacity 15160K, committed 15232K, reserved 1048576K
}
Event: 763.846 GC heap before
{Heap before GC invocations=55 (full 5):
 garbage-first heap   total 307200K, used 172867K [0x0000000740000000, 0x0000000800000000)
  region size 1024K, 60 young (61440K), 5 survivors (5120K)
 Metaspace       used 105515K, capacity 108362K, committed 108588K, reserved 1142784K
  class space    used 13900K, capacity 15160K, committed 15232K, reserved 1048576K
}
Event: 763.849 GC heap after
{Heap after GC invocations=56 (full 5):
 garbage-first heap   total 307200K, used 117181K [0x0000000740000000, 0x0000000800000000)
  region size 1024K, 5 young (5120K), 5 survivors (5120K)
 Metaspace       used 105515K, capacity 108362K, committed 108588K, reserved 1142784K
  class space    used 13900K, capacity 15160K, committed 15232K, reserved 1048576K
}
Event: 776.574 GC heap before
{Heap before GC invocations=56 (full 5):
 garbage-first heap   total 307200K, used 173501K [0x0000000740000000, 0x0000000800000000)
  region size 1024K, 60 young (61440K), 5 survivors (5120K)
 Metaspace       used 105565K, capacity 108426K, committed 108588K, reserved 1142784K
  class space    used 13900K, capacity 15160K, committed 15232K, reserved 1048576K
}
Event: 776.579 GC heap after
{Heap after GC invocations=57 (full 5):
 garbage-first heap   total 307200K, used 117135K [0x0000000740000000, 0x0000000800000000)
  region size 1024K, 5 young (5120K), 5 survivors (5120K)
 Metaspace       used 105565K, capacity 108426K, committed 108588K, reserved 1142784K
  class space    used 13900K, capacity 15160K, committed 15232K, reserved 1048576K
}
Event: 778.765 GC heap before
{Heap before GC invocations=57 (full 5):
 garbage-first heap   total 307200K, used 173455K [0x0000000740000000, 0x0000000800000000)
  region size 1024K, 60 young (61440K), 5 survivors (5120K)
 Metaspace       used 105565K, capacity 108426K, committed 108588K, reserved 1142784K
  class space    used 13900K, capacity 15160K, committed 15232K, reserved 1048576K
}
Event: 778.768 GC heap after
{Heap after GC invocations=58 (full 5):
 garbage-first heap   total 307200K, used 117113K [0x0000000740000000, 0x0000000800000000)
  region size 1024K, 5 young (5120K), 5 survivors (5120K)
 Metaspace       used 105565K, capacity 108426K, committed 108588K, reserved 1142784K
  class space    used 13900K, capacity 15160K, committed 15232K, reserved 1048576K
}
Event: 781.088 GC heap before
{Heap before GC invocations=58 (full 5):
 garbage-first heap   total 307200K, used 173433K [0x0000000740000000, 0x0000000800000000)
  region size 1024K, 60 young (61440K), 5 survivors (5120K)
 Metaspace       used 105571K, capacity 108430K, committed 108588K, reserved 1142784K
  class space    used 13900K, capacity 15160K, committed 15232K, reserved 1048576K
}
Event: 781.091 GC heap after
{Heap after GC invocations=59 (full 5):
 garbage-first heap   total 307200K, used 116879K [0x0000000740000000, 0x0000000800000000)
  region size 1024K, 5 young (5120K), 5 survivors (5120K)
 Metaspace       used 105571K, capacity 108430K, committed 108588K, reserved 1142784K
  class space    used 13900K, capacity 15160K, committed 15232K, reserved 1048576K
}

